WeChat/app/build/outputs/logs/manifest-merger-debug-report.txt
-- Merging decision tree log ---
manifest
ADDED from src\main\AndroidManifest.xml:2:1-376:12
	package
		ADDED from src\main\AndroidManifest.xml:3:5-35
		INJECTED from src\main\AndroidManifest.xml
		INJECTED from src\main\AndroidManifest.xml
	android:versionName
		INJECTED from src\main\AndroidManifest.xml
		INJECTED from src\main\AndroidManifest.xml
	xmlns:android
		ADDED from src\main\AndroidManifest.xml:2:11-69
	android:versionCode
		INJECTED from src\main\AndroidManifest.xml
		INJECTED from src\main\AndroidManifest.xml
uses-permission#android.permission.READ_CONTACTS
ADDED from src\main\AndroidManifest.xml:5:5-72
	android:name
		ADDED from src\main\AndroidManifest.xml:5:22-69
uses-permission#android.permission.VIBRATE
ADDED from src\main\AndroidManifest.xml:6:5-66
	android:name
		ADDED from src\main\AndroidManifest.xml:6:22-63
uses-permission#android.permission.INTERNET
ADDED from src\main\AndroidManifest.xml:7:5-67
	android:name
		ADDED from src\main\AndroidManifest.xml:7:22-64
uses-permission#android.permission.RECORD_AUDIO
ADDED from src\main\AndroidManifest.xml:8:5-71
	android:name
		ADDED from src\main\AndroidManifest.xml:8:22-68
uses-permission#android.permission.CAMERA
ADDED from src\main\AndroidManifest.xml:9:5-65
	android:name
		ADDED from src\main\AndroidManifest.xml:9:22-62
uses-permission#android.permission.ACCESS_NETWORK_STATE
ADDED from src\main\AndroidManifest.xml:10:5-79
	android:name
		ADDED from src\main\AndroidManifest.xml:10:22-76
uses-permission#android.permission.WRITE_EXTERNAL_STORAGE
ADDED from src\main\AndroidManifest.xml:11:5-81
	android:name
		ADDED from src\main\AndroidManifest.xml:11:22-78
uses-permission#android.permission.MOUNT_UNMOUNT_FILESYSTEMS
ADDED from src\main\AndroidManifest.xml:12:5-84
	android:name
		ADDED from src\main\AndroidManifest.xml:12:22-81
uses-permission#android.permission.ACCESS_FINE_LOCATION
ADDED from src\main\AndroidManifest.xml:13:5-79
	android:name
		ADDED from src\main\AndroidManifest.xml:13:22-76
uses-permission#android.permission.GET_TASKS
ADDED from src\main\AndroidManifest.xml:14:5-68
	android:name
		ADDED from src\main\AndroidManifest.xml:14:22-65
uses-permission#android.permission.ACCESS_WIFI_STATE
ADDED from src\main\AndroidManifest.xml:15:5-76
	android:name
		ADDED from src\main\AndroidManifest.xml:15:22-73
uses-permission#android.permission.CHANGE_WIFI_STATE
ADDED from src\main\AndroidManifest.xml:16:5-76
	android:name
		ADDED from src\main\AndroidManifest.xml:16:22-73
uses-permission#android.permission.WAKE_LOCK
ADDED from src\main\AndroidManifest.xml:17:5-68
	android:name
		ADDED from src\main\AndroidManifest.xml:17:22-65
uses-permission#android.permission.MODIFY_AUDIO_SETTINGS
ADDED from src\main\AndroidManifest.xml:18:5-80
	android:name
		ADDED from src\main\AndroidManifest.xml:18:22-77
uses-permission#android.permission.READ_PHONE_STATE
ADDED from src\main\AndroidManifest.xml:19:5-75
	android:name
		ADDED from src\main\AndroidManifest.xml:19:22-72
uses-permission#android.permission.RECEIVE_BOOT_COMPLETED
ADDED from src\main\AndroidManifest.xml:20:5-81
	android:name
		ADDED from src\main\AndroidManifest.xml:20:22-78
uses-permission#android.permission.USE_CREDENTIALS
ADDED from src\main\AndroidManifest.xml:21:5-74
	android:name
		ADDED from src\main\AndroidManifest.xml:21:22-71
uses-permission#com.android.launcher.permission.READ_SETTINGS
ADDED from src\main\AndroidManifest.xml:22:5-85
	android:name
		ADDED from src\main\AndroidManifest.xml:22:22-82
uses-permission#android.permission.BROADCAST_STICKY
ADDED from src\main\AndroidManifest.xml:23:5-75
	android:name
		ADDED from src\main\AndroidManifest.xml:23:22-72
uses-permission#android.permission.WRITE_SETTINGS
ADDED from src\main\AndroidManifest.xml:24:5-73
	android:name
		ADDED from src\main\AndroidManifest.xml:24:22-70
uses-permission#android.permission.REQUEST_IGNORE_BATTERY_OPTIMIZATIONS
ADDED from src\main\AndroidManifest.xml:25:5-95
	android:name
		ADDED from src\main\AndroidManifest.xml:25:22-92
uses-permission#com.google.android.c2dm.permission.RECEIVE
ADDED from src\main\AndroidManifest.xml:26:5-82
	android:name
		ADDED from src\main\AndroidManifest.xml:26:22-79
uses-permission#com.allenjuns.wechat2.permission.C2D_MESSAGE
ADDED from src\main\AndroidManifest.xml:27:5-84
	android:name
		ADDED from src\main\AndroidManifest.xml:27:22-81
uses-permission#com.allenjuns.wechat2.permission.MIPUSH_RECEIVE
ADDED from src\main\AndroidManifest.xml:28:5-87
	android:name
		ADDED from src\main\AndroidManifest.xml:28:22-84
permission#com.allenjuns.wechat2.permission.C2D_MESSAGE
ADDED from src\main\AndroidManifest.xml:32:5-34:47
	android:protectionLevel
		ADDED from src\main\AndroidManifest.xml:34:9-44
	android:name
		ADDED from src\main\AndroidManifest.xml:33:9-68
permission#com.allenjuns.wechat2.permission.MIPUSH_RECEIVE
ADDED from src\main\AndroidManifest.xml:35:5-37:47
	android:protectionLevel
		ADDED from src\main\AndroidManifest.xml:37:9-44
	android:name
		ADDED from src\main\AndroidManifest.xml:36:9-71
application
ADDED from src\main\AndroidManifest.xml:39:5-374:19
MERGED from [com.android.support:appcompat-v7:23.2.0] AndroidManifest.xml:25:5-20
MERGED from [com.android.support:support-v4:23.2.0] AndroidManifest.xml:22:5-20
MERGED from [com.android.support:animated-vector-drawable:23.2.0] AndroidManifest.xml:7:5-20
MERGED from [com.android.support:support-vector-drawable:23.2.0] AndroidManifest.xml:7:5-20
MERGED from [com.android.support:support-v4:23.2.0] AndroidManifest.xml:22:5-20
MERGED from [com.android.support:support-vector-drawable:23.2.0] AndroidManifest.xml:7:5-20
MERGED from [com.android.support:support-v4:23.2.0] AndroidManifest.xml:22:5-20
MERGED from [de.hdodenhof:circleimageview:2.0.0] AndroidManifest.xml:9:5-20
MERGED from [me.imid.swipebacklayout.lib:library:1.0.0] AndroidManifest.xml:11:5-20
MERGED from [com.android.support:support-v4:23.2.0] AndroidManifest.xml:22:5-20
MERGED from [com.android.support:support-v4:23.2.0] AndroidManifest.xml:22:5-20
MERGED from [com.android.support:support-v4:23.2.0] AndroidManifest.xml:22:5-20
	android:label
		ADDED from src\main\AndroidManifest.xml:43:9-41
	android:supportsRtl
		ADDED from src\main\AndroidManifest.xml:44:9-35
	android:allowBackup
		ADDED from src\main\AndroidManifest.xml:41:9-35
	android:icon
		ADDED from src\main\AndroidManifest.xml:42:9-43
	android:theme
		ADDED from src\main\AndroidManifest.xml:45:9-40
	android:name
		ADDED from src\main\AndroidManifest.xml:40:9-35
service#com.allenjuns.wechat.service.MsgService
ADDED from src\main\AndroidManifest.xml:46:9-49:48
	android:enabled
		ADDED from src\main\AndroidManifest.xml:48:13-35
	android:exported
		ADDED from src\main\AndroidManifest.xml:49:13-37
	android:name
		ADDED from src\main\AndroidManifest.xml:47:13-47
activity#com.allenjuns.wechat.app.module.launch.SplashActivtiy
ADDED from src\main\AndroidManifest.xml:51:9-57:20
	android:name
		ADDED from src\main\AndroidManifest.xml:51:19-67
intent-filter#android.intent.action.MAIN+android.intent.category.LAUNCHER
ADDED from src\main\AndroidManifest.xml:52:13-56:29
action#android.intent.action.MAIN
ADDED from src\main\AndroidManifest.xml:53:17-69
	android:name
		ADDED from src\main\AndroidManifest.xml:53:25-66
category#android.intent.category.LAUNCHER
ADDED from src\main\AndroidManifest.xml:55:17-77
	android:name
		ADDED from src\main\AndroidManifest.xml:55:27-74
activity#com.allenjuns.wechat.app.module.main.MainActivity
ADDED from src\main\AndroidManifest.xml:58:9-62:67
	android:screenOrientation
		ADDED from src\main\AndroidManifest.xml:61:13-49
	android:launchMode
		ADDED from src\main\AndroidManifest.xml:60:13-44
	android:windowSoftInputMode
		ADDED from src\main\AndroidManifest.xml:62:13-64
	android:name
		ADDED from src\main\AndroidManifest.xml:59:13-57
activity#com.allenjuns.wechat.app.module.launch.GuideActivity
ADDED from src\main\AndroidManifest.xml:63:9-66:52
	android:screenOrientation
		ADDED from src\main\AndroidManifest.xml:66:13-49
	android:launchMode
		ADDED from src\main\AndroidManifest.xml:65:13-44
	android:name
		ADDED from src\main\AndroidManifest.xml:64:13-60
activity#com.allenjuns.wechat.app.module.account.LoginActivity
ADDED from src\main\AndroidManifest.xml:67:9-70:52
	android:screenOrientation
		ADDED from src\main\AndroidManifest.xml:70:13-49
	android:launchMode
		ADDED from src\main\AndroidManifest.xml:69:13-43
	android:name
		ADDED from src\main\AndroidManifest.xml:68:13-61
activity#com.allenjuns.wechat.app.module.account.RegiseterActivity
ADDED from src\main\AndroidManifest.xml:71:9-74:52
	android:screenOrientation
		ADDED from src\main\AndroidManifest.xml:74:13-49
	android:launchMode
		ADDED from src\main\AndroidManifest.xml:73:13-43
	android:name
		ADDED from src\main\AndroidManifest.xml:72:13-65
activity#com.allenjuns.wechat.app.module.system.CommonActivity
ADDED from src\main\AndroidManifest.xml:75:9-78:52
	android:screenOrientation
		ADDED from src\main\AndroidManifest.xml:78:13-49
	android:launchMode
		ADDED from src\main\AndroidManifest.xml:77:13-43
	android:name
		ADDED from src\main\AndroidManifest.xml:76:13-61
activity#com.allenjuns.wechat.app.module.system.WebViewActivity
ADDED from src\main\AndroidManifest.xml:79:9-81:52
	android:screenOrientation
		ADDED from src\main\AndroidManifest.xml:81:13-49
	android:name
		ADDED from src\main\AndroidManifest.xml:80:13-62
activity#com.allenjuns.wechat.app.module.user.FriendInfoActivity
ADDED from src\main\AndroidManifest.xml:82:9-84:52
	android:screenOrientation
		ADDED from src\main\AndroidManifest.xml:84:13-49
	android:name
		ADDED from src\main\AndroidManifest.xml:83:13-63
activity#com.allenjuns.wechat.app.module.dicover.FeedActivity
ADDED from src\main\AndroidManifest.xml:85:9-87:52
	android:screenOrientation
		ADDED from src\main\AndroidManifest.xml:87:13-49
	android:name
		ADDED from src\main\AndroidManifest.xml:86:13-60
activity#com.allenjuns.wechat.app.module.dicover.PublishActivity
ADDED from src\main\AndroidManifest.xml:88:9-90:52
	android:screenOrientation
		ADDED from src\main\AndroidManifest.xml:90:13-49
	android:name
		ADDED from src\main\AndroidManifest.xml:89:13-63
activity#com.allenjuns.wechat.app.module.system.SettingActivity
ADDED from src\main\AndroidManifest.xml:91:9-93:52
	android:screenOrientation
		ADDED from src\main\AndroidManifest.xml:93:13-49
	android:name
		ADDED from src\main\AndroidManifest.xml:92:13-62
activity#com.allenjuns.wechat.app.module.user.MyCodeActivity
ADDED from src\main\AndroidManifest.xml:94:9-96:52
	android:screenOrientation
		ADDED from src\main\AndroidManifest.xml:96:13-49
	android:name
		ADDED from src\main\AndroidManifest.xml:95:13-59
activity#com.allenjuns.wechat.zxing.CaptureActivity
ADDED from src\main\AndroidManifest.xml:97:9-99:52
	android:screenOrientation
		ADDED from src\main\AndroidManifest.xml:99:13-49
	android:name
		ADDED from src\main\AndroidManifest.xml:98:13-50
activity#com.allenjuns.wechat.app.module.money.WalletActivity
ADDED from src\main\AndroidManifest.xml:100:9-102:52
	android:screenOrientation
		ADDED from src\main\AndroidManifest.xml:102:13-49
	android:name
		ADDED from src\main\AndroidManifest.xml:101:13-60
activity#com.allenjuns.wechat.app.module.dicover.CommentActivity
ADDED from src\main\AndroidManifest.xml:103:9-105:52
	android:screenOrientation
		ADDED from src\main\AndroidManifest.xml:105:13-49
	android:name
		ADDED from src\main\AndroidManifest.xml:104:13-63
activity#com.allenjuns.wechat.app.module.user.NearByActivity
ADDED from src\main\AndroidManifest.xml:106:9-108:52
	android:screenOrientation
		ADDED from src\main\AndroidManifest.xml:108:13-49
	android:name
		ADDED from src\main\AndroidManifest.xml:107:13-59
activity#com.allenjuns.wechat.chatuidemo.ui.ChatActivity
ADDED from src\main\AndroidManifest.xml:109:9-113:67
	android:screenOrientation
		ADDED from src\main\AndroidManifest.xml:112:13-49
	android:launchMode
		ADDED from src\main\AndroidManifest.xml:111:13-44
	android:windowSoftInputMode
		ADDED from src\main\AndroidManifest.xml:113:13-55
	android:name
		ADDED from src\main\AndroidManifest.xml:110:13-55
activity#com.allenjuns.wechat.chatuidemo.ui.AddContactActivity
ADDED from src\main\AndroidManifest.xml:114:9-118:67
	android:screenOrientation
		ADDED from src\main\AndroidManifest.xml:116:13-49
	android:windowSoftInputMode
		ADDED from src\main\AndroidManifest.xml:118:13-55
	android:theme
		ADDED from src\main\AndroidManifest.xml:117:13-52
	android:name
		ADDED from src\main\AndroidManifest.xml:115:13-61
activity#com.allenjuns.wechat.chatuidemo.ui.GroupDetailsActivity
ADDED from src\main\AndroidManifest.xml:119:9-122:64
	android:screenOrientation
		ADDED from src\main\AndroidManifest.xml:121:13-49
	android:theme
		ADDED from src\main\AndroidManifest.xml:122:13-52
	android:name
		ADDED from src\main\AndroidManifest.xml:120:13-63
activity#com.allenjuns.wechat.chatuidemo.ui.GroupsActivity
ADDED from src\main\AndroidManifest.xml:123:9-127:64
	android:screenOrientation
		ADDED from src\main\AndroidManifest.xml:125:13-49
	android:windowSoftInputMode
		ADDED from src\main\AndroidManifest.xml:127:13-52
	android:theme
		ADDED from src\main\AndroidManifest.xml:126:13-52
	android:name
		ADDED from src\main\AndroidManifest.xml:124:13-57
activity#com.allenjuns.wechat.chatuidemo.ui.ChatRoomDetailsActivity
ADDED from src\main\AndroidManifest.xml:128:9-131:64
	android:screenOrientation
		ADDED from src\main\AndroidManifest.xml:130:13-49
	android:theme
		ADDED from src\main\AndroidManifest.xml:131:13-52
	android:name
		ADDED from src\main\AndroidManifest.xml:129:13-66
activity#com.allenjuns.wechat.chatuidemo.ui.NewGroupActivity
ADDED from src\main\AndroidManifest.xml:132:9-136:64
	android:screenOrientation
		ADDED from src\main\AndroidManifest.xml:134:13-49
	android:windowSoftInputMode
		ADDED from src\main\AndroidManifest.xml:136:13-52
	android:theme
		ADDED from src\main\AndroidManifest.xml:135:13-52
	android:name
		ADDED from src\main\AndroidManifest.xml:133:13-59
activity#com.allenjuns.wechat.chatuidemo.ui.ExitGroupDialog
ADDED from src\main\AndroidManifest.xml:137:9-140:67
	android:screenOrientation
		ADDED from src\main\AndroidManifest.xml:139:13-49
	android:theme
		ADDED from src\main\AndroidManifest.xml:140:13-55
	android:name
		ADDED from src\main\AndroidManifest.xml:138:13-58
activity#com.allenjuns.wechat.chatuidemo.ui.GroupPickContactsActivity
ADDED from src\main\AndroidManifest.xml:141:9-145:64
	android:screenOrientation
		ADDED from src\main\AndroidManifest.xml:143:13-49
	android:windowSoftInputMode
		ADDED from src\main\AndroidManifest.xml:145:13-52
	android:theme
		ADDED from src\main\AndroidManifest.xml:144:13-52
	android:name
		ADDED from src\main\AndroidManifest.xml:142:13-68
activity#com.allenjuns.wechat.chatuidemo.ui.PickAtUserActivity
ADDED from src\main\AndroidManifest.xml:146:9-149:55
	android:screenOrientation
		ADDED from src\main\AndroidManifest.xml:148:13-49
	android:theme
		ADDED from src\main\AndroidManifest.xml:149:13-52
	android:name
		ADDED from src\main\AndroidManifest.xml:147:13-61
activity#com.hyphenate.easeui.ui.EaseBaiduMapActivity
ADDED from src\main\AndroidManifest.xml:150:9-153:64
	android:screenOrientation
		ADDED from src\main\AndroidManifest.xml:152:13-49
	android:theme
		ADDED from src\main\AndroidManifest.xml:153:13-52
	android:name
		ADDED from src\main\AndroidManifest.xml:151:13-72
activity#com.allenjuns.wechat.chatuidemo.ui.NewFriendsMsgActivity
ADDED from src\main\AndroidManifest.xml:154:9-157:64
	android:screenOrientation
		ADDED from src\main\AndroidManifest.xml:156:13-49
	android:theme
		ADDED from src\main\AndroidManifest.xml:157:13-52
	android:name
		ADDED from src\main\AndroidManifest.xml:155:13-64
activity#com.allenjuns.wechat.chatuidemo.ui.ForwardMessageActivity
ADDED from src\main\AndroidManifest.xml:158:9-162:64
	android:screenOrientation
		ADDED from src\main\AndroidManifest.xml:160:13-49
	android:windowSoftInputMode
		ADDED from src\main\AndroidManifest.xml:162:13-52
	android:theme
		ADDED from src\main\AndroidManifest.xml:161:13-52
	android:name
		ADDED from src\main\AndroidManifest.xml:159:13-65
activity#com.allenjuns.wechat.chatuidemo.ui.ContextMenuActivity
ADDED from src\main\AndroidManifest.xml:163:9-166:61
	android:screenOrientation
		ADDED from src\main\AndroidManifest.xml:165:13-49
	android:theme
		ADDED from src\main\AndroidManifest.xml:166:13-49
	android:name
		ADDED from src\main\AndroidManifest.xml:164:13-62
activity#com.hyphenate.easeui.ui.EaseShowBigImageActivity
ADDED from src\main\AndroidManifest.xml:167:9-170:64
	android:screenOrientation
		ADDED from src\main\AndroidManifest.xml:169:13-49
	android:theme
		ADDED from src\main\AndroidManifest.xml:170:13-52
	android:name
		ADDED from src\main\AndroidManifest.xml:168:13-76
activity#com.hyphenate.easeui.ui.EaseShowNormalFileActivity
ADDED from src\main\AndroidManifest.xml:171:9-174:64
	android:screenOrientation
		ADDED from src\main\AndroidManifest.xml:173:13-49
	android:theme
		ADDED from src\main\AndroidManifest.xml:174:13-52
	android:name
		ADDED from src\main\AndroidManifest.xml:172:13-78
activity#com.allenjuns.wechat.chatuidemo.ui.BlacklistActivity
ADDED from src\main\AndroidManifest.xml:175:9-178:64
	android:screenOrientation
		ADDED from src\main\AndroidManifest.xml:177:13-49
	android:theme
		ADDED from src\main\AndroidManifest.xml:178:13-52
	android:name
		ADDED from src\main\AndroidManifest.xml:176:13-60
activity#com.allenjuns.wechat.chatuidemo.ui.PublicGroupsActivity
ADDED from src\main\AndroidManifest.xml:179:9-183:64
	android:screenOrientation
		ADDED from src\main\AndroidManifest.xml:181:13-49
	android:windowSoftInputMode
		ADDED from src\main\AndroidManifest.xml:183:13-52
	android:theme
		ADDED from src\main\AndroidManifest.xml:182:13-52
	android:name
		ADDED from src\main\AndroidManifest.xml:180:13-63
activity#com.allenjuns.wechat.chatuidemo.ui.PublicChatRoomsActivity
ADDED from src\main\AndroidManifest.xml:184:9-188:64
	android:screenOrientation
		ADDED from src\main\AndroidManifest.xml:186:13-49
	android:windowSoftInputMode
		ADDED from src\main\AndroidManifest.xml:188:13-52
	android:theme
		ADDED from src\main\AndroidManifest.xml:187:13-52
	android:name
		ADDED from src\main\AndroidManifest.xml:185:13-66
activity#com.allenjuns.wechat.chatuidemo.ui.VoiceCallActivity
ADDED from src\main\AndroidManifest.xml:189:9-193:60
	android:screenOrientation
		ADDED from src\main\AndroidManifest.xml:192:13-49
	android:launchMode
		ADDED from src\main\AndroidManifest.xml:191:13-44
	android:theme
		ADDED from src\main\AndroidManifest.xml:193:13-48
	android:name
		ADDED from src\main\AndroidManifest.xml:190:13-60
activity#com.allenjuns.wechat.chatuidemo.ui.VideoCallActivity
ADDED from src\main\AndroidManifest.xml:194:9-199:64
	android:screenOrientation
		ADDED from src\main\AndroidManifest.xml:198:13-49
	android:launchMode
		ADDED from src\main\AndroidManifest.xml:197:13-44
	android:configChanges
		ADDED from src\main\AndroidManifest.xml:196:13-74
	android:theme
		ADDED from src\main\AndroidManifest.xml:199:13-52
	android:name
		ADDED from src\main\AndroidManifest.xml:195:13-60
activity#com.allenjuns.wechat.chatuidemo.ui.GroupSimpleDetailActivity
ADDED from src\main\AndroidManifest.xml:200:9-203:64
	android:screenOrientation
		ADDED from src\main\AndroidManifest.xml:202:13-49
	android:theme
		ADDED from src\main\AndroidManifest.xml:203:13-52
	android:name
		ADDED from src\main\AndroidManifest.xml:201:13-68
activity#com.allenjuns.wechat.chatuidemo.ui.GroupBlacklistActivity
ADDED from src\main\AndroidManifest.xml:204:9-207:64
	android:screenOrientation
		ADDED from src\main\AndroidManifest.xml:206:13-49
	android:theme
		ADDED from src\main\AndroidManifest.xml:207:13-52
	android:name
		ADDED from src\main\AndroidManifest.xml:205:13-65
activity#com.allenjuns.wechat.chatuidemo.ui.GroupSearchMessageActivity
ADDED from src\main\AndroidManifest.xml:208:9-212:58
	android:screenOrientation
		ADDED from src\main\AndroidManifest.xml:210:13-49
	android:windowSoftInputMode
		ADDED from src\main\AndroidManifest.xml:212:13-55
	android:theme
		ADDED from src\main\AndroidManifest.xml:211:13-52
	android:name
		ADDED from src\main\AndroidManifest.xml:209:13-69
activity#com.allenjuns.wechat.chatuidemo.ui.PublicGroupsSeachActivity
ADDED from src\main\AndroidManifest.xml:213:9-216:64
	android:screenOrientation
		ADDED from src\main\AndroidManifest.xml:215:13-49
	android:theme
		ADDED from src\main\AndroidManifest.xml:216:13-52
	android:name
		ADDED from src\main\AndroidManifest.xml:214:13-68
activity#com.allenjuns.wechat.chatuidemo.ui.EditActivity
ADDED from src\main\AndroidManifest.xml:217:9-221:67
	android:screenOrientation
		ADDED from src\main\AndroidManifest.xml:219:13-49
	android:windowSoftInputMode
		ADDED from src\main\AndroidManifest.xml:221:13-55
	android:theme
		ADDED from src\main\AndroidManifest.xml:220:13-52
	android:name
		ADDED from src\main\AndroidManifest.xml:218:13-55
activity#com.hyphenate.easeui.ui.EaseShowVideoActivity
ADDED from src\main\AndroidManifest.xml:222:9-226:72
	android:screenOrientation
		ADDED from src\main\AndroidManifest.xml:224:13-49
	android:windowSoftInputMode
		ADDED from src\main\AndroidManifest.xml:226:13-60
	android:theme
		ADDED from src\main\AndroidManifest.xml:225:13-52
	android:name
		ADDED from src\main\AndroidManifest.xml:223:13-73
activity#com.allenjuns.wechat.chatuidemo.ui.ImageGridActivity
ADDED from src\main\AndroidManifest.xml:227:9-231:72
	android:screenOrientation
		ADDED from src\main\AndroidManifest.xml:229:13-49
	android:windowSoftInputMode
		ADDED from src\main\AndroidManifest.xml:231:13-60
	android:theme
		ADDED from src\main\AndroidManifest.xml:230:13-52
	android:name
		ADDED from src\main\AndroidManifest.xml:228:13-60
activity#com.allenjuns.wechat.chatuidemo.ui.RecorderVideoActivity
ADDED from src\main\AndroidManifest.xml:232:9-236:72
	android:screenOrientation
		ADDED from src\main\AndroidManifest.xml:234:13-49
	android:windowSoftInputMode
		ADDED from src\main\AndroidManifest.xml:236:13-60
	android:theme
		ADDED from src\main\AndroidManifest.xml:235:13-52
	android:name
		ADDED from src\main\AndroidManifest.xml:233:13-64
activity#com.allenjuns.wechat.chatuidemo.ui.DiagnoseActivity
ADDED from src\main\AndroidManifest.xml:237:9-241:72
	android:screenOrientation
		ADDED from src\main\AndroidManifest.xml:239:13-49
	android:windowSoftInputMode
		ADDED from src\main\AndroidManifest.xml:241:13-60
	android:theme
		ADDED from src\main\AndroidManifest.xml:240:13-52
	android:name
		ADDED from src\main\AndroidManifest.xml:238:13-59
activity#com.allenjuns.wechat.chatuidemo.ui.OfflinePushNickActivity
ADDED from src\main\AndroidManifest.xml:242:9-246:72
	android:screenOrientation
		ADDED from src\main\AndroidManifest.xml:244:13-49
	android:windowSoftInputMode
		ADDED from src\main\AndroidManifest.xml:246:13-60
	android:theme
		ADDED from src\main\AndroidManifest.xml:245:13-52
	android:name
		ADDED from src\main\AndroidManifest.xml:243:13-66
activity#com.allenjuns.wechat.chatuidemo.ui.RobotsActivity
ADDED from src\main\AndroidManifest.xml:247:9-251:63
	android:screenOrientation
		ADDED from src\main\AndroidManifest.xml:249:13-49
	android:windowSoftInputMode
		ADDED from src\main\AndroidManifest.xml:251:13-60
	android:theme
		ADDED from src\main\AndroidManifest.xml:250:13-52
	android:name
		ADDED from src\main\AndroidManifest.xml:248:13-57
activity#com.allenjuns.wechat.chatuidemo.ui.UserProfileActivity
ADDED from src\main\AndroidManifest.xml:252:9-255:55
	android:screenOrientation
		ADDED from src\main\AndroidManifest.xml:254:13-49
	android:theme
		ADDED from src\main\AndroidManifest.xml:255:13-52
	android:name
		ADDED from src\main\AndroidManifest.xml:253:13-62
activity#com.easemob.redpacketui.ui.activity.RPRedPacketActivity
ADDED from src\main\AndroidManifest.xml:257:9-261:67
	android:screenOrientation
		ADDED from src\main\AndroidManifest.xml:259:13-49
	android:windowSoftInputMode
		ADDED from src\main\AndroidManifest.xml:261:13-64
	android:theme
		ADDED from src\main\AndroidManifest.xml:260:13-52
	android:name
		ADDED from src\main\AndroidManifest.xml:258:13-83
activity#com.easemob.redpacketui.ui.activity.RPDetailActivity
ADDED from src\main\AndroidManifest.xml:262:9-266:55
	android:screenOrientation
		ADDED from src\main\AndroidManifest.xml:264:13-49
	android:windowSoftInputMode
		ADDED from src\main\AndroidManifest.xml:266:13-52
	android:theme
		ADDED from src\main\AndroidManifest.xml:265:13-52
	android:name
		ADDED from src\main\AndroidManifest.xml:263:13-80
activity#com.easemob.redpacketui.ui.activity.RPRecordActivity
ADDED from src\main\AndroidManifest.xml:267:9-271:55
	android:screenOrientation
		ADDED from src\main\AndroidManifest.xml:269:13-49
	android:windowSoftInputMode
		ADDED from src\main\AndroidManifest.xml:271:13-52
	android:theme
		ADDED from src\main\AndroidManifest.xml:270:13-52
	android:name
		ADDED from src\main\AndroidManifest.xml:268:13-80
activity#com.easemob.redpacketui.ui.activity.RPWebViewActivity
ADDED from src\main\AndroidManifest.xml:272:9-276:70
	android:screenOrientation
		ADDED from src\main\AndroidManifest.xml:274:13-49
	android:windowSoftInputMode
		ADDED from src\main\AndroidManifest.xml:276:13-67
	android:theme
		ADDED from src\main\AndroidManifest.xml:275:13-52
	android:name
		ADDED from src\main\AndroidManifest.xml:273:13-81
activity#com.easemob.redpacketui.ui.activity.RPChangeActivity
ADDED from src\main\AndroidManifest.xml:277:9-281:70
	android:screenOrientation
		ADDED from src\main\AndroidManifest.xml:279:13-49
	android:windowSoftInputMode
		ADDED from src\main\AndroidManifest.xml:281:13-67
	android:theme
		ADDED from src\main\AndroidManifest.xml:280:13-52
	android:name
		ADDED from src\main\AndroidManifest.xml:278:13-80
activity#com.easemob.redpacketui.ui.activity.RPBankCardActivity
ADDED from src\main\AndroidManifest.xml:282:9-286:67
	android:screenOrientation
		ADDED from src\main\AndroidManifest.xml:284:13-49
	android:windowSoftInputMode
		ADDED from src\main\AndroidManifest.xml:286:13-64
	android:theme
		ADDED from src\main\AndroidManifest.xml:285:13-52
	android:name
		ADDED from src\main\AndroidManifest.xml:283:13-82
receiver#com.allenjuns.wechat.chatuidemo.receiver.StartServiceReceiver
ADDED from src\main\AndroidManifest.xml:288:9-295:20
	android:name
		ADDED from src\main\AndroidManifest.xml:288:19-75
intent-filter#android.intent.action.BOOT_COMPLETED+android.intent.action.QUICKBOOT_POWERON+android.intent.category.LAUNCHER
ADDED from src\main\AndroidManifest.xml:289:13-294:29
	android:priority
		ADDED from src\main\AndroidManifest.xml:289:28-51
action#android.intent.action.BOOT_COMPLETED
ADDED from src\main\AndroidManifest.xml:290:17-79
	android:name
		ADDED from src\main\AndroidManifest.xml:290:25-76
action#android.intent.action.QUICKBOOT_POWERON
ADDED from src\main\AndroidManifest.xml:291:17-82
	android:name
		ADDED from src\main\AndroidManifest.xml:291:25-79
receiver#com.hyphenate.chat.EMGCMBroadcastReceiver
ADDED from src\main\AndroidManifest.xml:296:9-305:20
	android:exported
		ADDED from src\main\AndroidManifest.xml:298:13-36
	android:permission
		ADDED from src\main\AndroidManifest.xml:299:13-73
	android:name
		ADDED from src\main\AndroidManifest.xml:297:13-69
intent-filter#com.allenjuns.wechat+com.google.android.c2dm.intent.RECEIVE
ADDED from src\main\AndroidManifest.xml:300:13-304:29
action#com.google.android.c2dm.intent.RECEIVE
ADDED from src\main\AndroidManifest.xml:301:17-81
	android:name
		ADDED from src\main\AndroidManifest.xml:301:25-78
category#com.allenjuns.wechat
ADDED from src\main\AndroidManifest.xml:303:17-65
	android:name
		ADDED from src\main\AndroidManifest.xml:303:27-62
service#com.hyphenate.chat.EMGCMListenerService
ADDED from src\main\AndroidManifest.xml:307:9-309:48
	android:exported
		ADDED from src\main\AndroidManifest.xml:309:13-37
	android:name
		ADDED from src\main\AndroidManifest.xml:308:13-67
receiver#com.allenjuns.wechat.chatuidemo.receiver.GCMPushBroadCast
ADDED from src\main\AndroidManifest.xml:311:9-319:20
	android:exported
		ADDED from src\main\AndroidManifest.xml:313:13-37
	android:name
		ADDED from src\main\AndroidManifest.xml:312:13-65
intent-filter#com.allenjuns.wechat+com.hyphenate.sdk.push
ADDED from src\main\AndroidManifest.xml:314:13-318:29
action#com.hyphenate.sdk.push
ADDED from src\main\AndroidManifest.xml:315:17-65
	android:name
		ADDED from src\main\AndroidManifest.xml:315:25-62
receiver#com.hyphenate.chat.EMMipushReceiver
ADDED from src\main\AndroidManifest.xml:329:9-341:20
	android:exported
		ADDED from src\main\AndroidManifest.xml:331:13-36
	android:name
		ADDED from src\main\AndroidManifest.xml:330:13-63
intent-filter#com.xiaomi.mipush.RECEIVE_MESSAGE
ADDED from src\main\AndroidManifest.xml:332:13-334:29
action#com.xiaomi.mipush.RECEIVE_MESSAGE
ADDED from src\main\AndroidManifest.xml:333:17-76
	android:name
		ADDED from src\main\AndroidManifest.xml:333:25-73
intent-filter#com.xiaomi.mipush.MESSAGE_ARRIVED
ADDED from src\main\AndroidManifest.xml:335:13-337:29
action#com.xiaomi.mipush.MESSAGE_ARRIVED
ADDED from src\main\AndroidManifest.xml:336:17-76
	android:name
		ADDED from src\main\AndroidManifest.xml:336:25-73
intent-filter#com.xiaomi.mipush.ERROR
ADDED from src\main\AndroidManifest.xml:338:13-340:29
action#com.xiaomi.mipush.ERROR
ADDED from src\main\AndroidManifest.xml:339:17-66
	android:name
		ADDED from src\main\AndroidManifest.xml:339:25-63
meta-data#EASEMOB_APPKEY
ADDED from src\main\AndroidManifest.xml:343:9-345:43
	android:value
		ADDED from src\main\AndroidManifest.xml:345:13-40
	android:name
		ADDED from src\main\AndroidManifest.xml:344:13-42
service#com.hyphenate.chat.EMChatService
ADDED from src\main\AndroidManifest.xml:346:9-348:39
	android:exported
		ADDED from src\main\AndroidManifest.xml:348:13-36
	android:name
		ADDED from src\main\AndroidManifest.xml:347:13-60
receiver#com.hyphenate.chat.EMMonitorReceiver
ADDED from src\main\AndroidManifest.xml:349:9-360:20
	android:name